E:\MSC in CS\Rep\crypt-hub\Developments\POC\Desktop App\Crypto-Store\Crypto-Store\Debug\cl.command.1.tlog
E:\MSC in CS\Rep\crypt-hub\Developments\POC\Desktop App\Crypto-Store\Crypto-Store\Debug\CL.read.1.tlog
E:\MSC in CS\Rep\crypt-hub\Developments\POC\Desktop App\Crypto-Store\Crypto-Store\Debug\CL.write.1.tlog
E:\MSC IN CS\REP\CRYPT-HUB\DEVELOPMENTS\POC\DESKTOP APP\CRYPTO-STORE\CRYPTO-STORE\DEBUG\CRYPTO-STORE.EXE.INTERMEDIATE.MANIFEST
E:\MSC in CS\Rep\crypt-hub\Developments\POC\Desktop App\Crypto-Store\Crypto-Store\Debug\Crypto-Store.vcxprojResolveAssemblyReference.cache
E:\MSC in CS\Rep\crypt-hub\Developments\POC\Desktop App\Crypto-Store\Crypto-Store\Debug\Crypto-Store.write.1.tlog
E:\MSC in CS\Rep\crypt-hub\Developments\POC\Desktop App\Crypto-Store\Crypto-Store\Debug\custombuild.command.1.tlog
E:\MSC in CS\Rep\crypt-hub\Developments\POC\Desktop App\Crypto-Store\Crypto-Store\Debug\custombuild.read.1.tlog
E:\MSC in CS\Rep\crypt-hub\Developments\POC\Desktop App\Crypto-Store\Crypto-Store\Debug\custombuild.write.1.tlog
E:\MSC in CS\Rep\crypt-hub\Developments\POC\Desktop App\Crypto-Store\Crypto-Store\Debug\link.command.1.tlog
E:\MSC in CS\Rep\crypt-hub\Developments\POC\Desktop App\Crypto-Store\Crypto-Store\Debug\link.read.1.tlog
E:\MSC in CS\Rep\crypt-hub\Developments\POC\Desktop App\Crypto-Store\Crypto-Store\Debug\link.write.1.tlog
E:\MSC IN CS\REP\CRYPT-HUB\DEVELOPMENTS\POC\DESKTOP APP\CRYPTO-STORE\CRYPTO-STORE\DEBUG\MAIN.OBJ
E:\MSC IN CS\REP\CRYPT-HUB\DEVELOPMENTS\POC\DESKTOP APP\CRYPTO-STORE\CRYPTO-STORE\DEBUG\MOC_MYCLASS.OBJ
E:\MSC in CS\Rep\crypt-hub\Developments\POC\Desktop App\Crypto-Store\Crypto-Store\Debug\mt.command.1.tlog
E:\MSC in CS\Rep\crypt-hub\Developments\POC\Desktop App\Crypto-Store\Crypto-Store\Debug\mt.read.1.tlog
E:\MSC in CS\Rep\crypt-hub\Developments\POC\Desktop App\Crypto-Store\Crypto-Store\Debug\mt.write.1.tlog
E:\MSC IN CS\REP\CRYPT-HUB\DEVELOPMENTS\POC\DESKTOP APP\CRYPTO-STORE\CRYPTO-STORE\DEBUG\MYCLASS.OBJ
E:\MSC IN CS\REP\CRYPT-HUB\DEVELOPMENTS\POC\DESKTOP APP\CRYPTO-STORE\CRYPTO-STORE\DEBUG\QRC_MYCLASS.OBJ
E:\MSC IN CS\REP\CRYPT-HUB\DEVELOPMENTS\POC\DESKTOP APP\CRYPTO-STORE\CRYPTO-STORE\DEBUG\VC100.PDB
E:\MSC IN CS\REP\CRYPT-HUB\DEVELOPMENTS\POC\DESKTOP APP\CRYPTO-STORE\CRYPTO-STORE\GENERATEDFILES\DEBUG\MOC_MYCLASS.CPP
E:\MSC IN CS\REP\CRYPT-HUB\DEVELOPMENTS\POC\DESKTOP APP\CRYPTO-STORE\CRYPTO-STORE\GENERATEDFILES\QRC_MYCLASS.CPP
E:\MSC IN CS\REP\CRYPT-HUB\DEVELOPMENTS\POC\DESKTOP APP\CRYPTO-STORE\CRYPTO-STORE\GENERATEDFILES\UI_MYCLASS.H
E:\MSC IN CS\REP\CRYPT-HUB\DEVELOPMENTS\POC\DESKTOP APP\CRYPTO-STORE\WIN32\DEBUG\CRYPTO-STORE.EXE
E:\MSC IN CS\REP\CRYPT-HUB\DEVELOPMENTS\POC\DESKTOP APP\CRYPTO-STORE\WIN32\DEBUG\CRYPTO-STORE.ILK
E:\MSC IN CS\REP\CRYPT-HUB\DEVELOPMENTS\POC\DESKTOP APP\CRYPTO-STORE\WIN32\DEBUG\CRYPTO-STORE.PDB
