Build started 7/31/2014 11:21:45 PM.
     1>Project "E:\MSC in CS\Rep\crypt-hub\Developments\POC\Desktop App\Crypto-Store\Crypto-Store\Crypto-Store.vcxproj" on node 2 (build target(s)).
     1>InitializeBuildStatus:
         Creating "Debug\Crypto-Store.unsuccessfulbuild" because "AlwaysCreate" was specified.
       CustomBuild:
         Moc'ing myclass.h...
       ClCompile:
         C:\Program Files (x86)\Microsoft Visual Studio 10.0\VC\bin\CL.exe /c /I.\GeneratedFiles /I. /IC:\Qt\Qt5.3.0\5.3\msvc2010_opengl\include /I.\GeneratedFiles\Debug /IC:\Qt\Qt5.3.0\5.3\msvc2010_opengl\include\QtCore /IC:\Qt\Qt5.3.0\5.3\msvc2010_opengl\include\QtGui /IC:\Qt\Qt5.3.0\5.3\msvc2010_opengl\include\QtWidgets /Zi /nologo /W1 /WX- /Od /Oy- /D UNICODE /D WIN32 /D WIN64 /D QT_DLL /D QT_CORE_LIB /D QT_GUI_LIB /D QT_WIDGETS_LIB /Gm- /EHsc /MDd /GS /fp:precise /Zc:wchar_t /Zc:forScope /Fo"Debug\\" /Fd"Debug\vc100.pdb" /Gd /TP /analyze- /errorReport:prompt GeneratedFiles\Debug\moc_myclass.cpp main.cpp myclass.cpp
         moc_myclass.cpp
         main.cpp
         myclass.cpp
         Generating Code...
         All outputs are up-to-date.
       Link:
         C:\Program Files (x86)\Microsoft Visual Studio 10.0\VC\bin\link.exe /ERRORREPORT:PROMPT /OUT:"E:\MSC in CS\Rep\crypt-hub\Developments\POC\Desktop App\Crypto-Store\Win32\Debug\\Crypto-Store.exe" /NOLOGO /LIBPATH:C:\Qt\Qt5.3.0\5.3\msvc2010_opengl\lib qtmaind.lib Qt5Cored.lib Qt5Guid.lib Qt5Widgetsd.lib kernel32.lib user32.lib gdi32.lib winspool.lib comdlg32.lib advapi32.lib shell32.lib ole32.lib oleaut32.lib uuid.lib odbc32.lib odbccp32.lib /MANIFEST /ManifestFile:"Debug\Crypto-Store.exe.intermediate.manifest" /MANIFESTUAC:"level='asInvoker' uiAccess='false'" /DEBUG /PDB:"E:\MSC in CS\Rep\crypt-hub\Developments\POC\Desktop App\Crypto-Store\Win32\Debug\Crypto-Store.pdb" /SUBSYSTEM:WINDOWS /TLBID:1 /DYNAMICBASE /NXCOMPAT /IMPLIB:"E:\MSC in CS\Rep\crypt-hub\Developments\POC\Desktop App\Crypto-Store\Win32\Debug\Crypto-Store.lib" /MACHINE:X86 Debug\moc_myclass.obj
         Debug\qrc_myclass.obj
         Debug\main.obj
         Debug\myclass.obj
         LINK : E:\MSC in CS\Rep\crypt-hub\Developments\POC\Desktop App\Crypto-Store\Win32\Debug\\Crypto-Store.exe not found or not built by the last incremental link; performing full link
         Crypto-Store.vcxproj -> E:\MSC in CS\Rep\crypt-hub\Developments\POC\Desktop App\Crypto-Store\Win32\Debug\Crypto-Store.exe
       Manifest:
         C:\Program Files (x86)\Microsoft SDKs\Windows\v7.0A\bin\mt.exe /nologo /verbose /outputresource:"E:\MSC in CS\Rep\crypt-hub\Developments\POC\Desktop App\Crypto-Store\Win32\Debug\\Crypto-Store.exe;#1" /manifest "Debug\Crypto-Store.exe.intermediate.manifest"
       FinalizeBuildStatus:
         Deleting file "Debug\Crypto-Store.unsuccessfulbuild".
         Touching "Debug\Crypto-Store.lastbuildstate".
     1>Done Building Project "E:\MSC in CS\Rep\crypt-hub\Developments\POC\Desktop App\Crypto-Store\Crypto-Store\Crypto-Store.vcxproj" (build target(s)).

Build succeeded.

Time Elapsed 00:00:04.72
