Build started 7/31/2014 12:27:19 AM.
     1>Project "E:\MSC in CS\Rep\crypt-hub\Developments\POC\Desktop App\Crypto-Store\Crypto-Store\Crypto-Store.vcxproj" on node 2 (build target(s)).
     1>PrepareForBuild:
         Creating directory "E:\MSC in CS\Rep\crypt-hub\Developments\POC\Desktop App\Crypto-Store\Win32\Release\".
       InitializeBuildStatus:
         Creating "Release\Crypto-Store.unsuccessfulbuild" because "AlwaysCreate" was specified.
       CustomBuild:
         Moc'ing myclass.h...
         Uic'ing myclass.ui...
         Rcc'ing myclass.qrc...
     1>RCC : warning : No resources in 'E:\MSC in CS\Rep\crypt-hub\Developments\POC\Desktop App\Crypto-Store\Crypto-Store\myclass.qrc'.
         
       ClCompile:
         C:\Program Files (x86)\Microsoft Visual Studio 10.0\VC\bin\CL.exe /c /I.\GeneratedFiles /I. /IC:\Qt\Qt5.3.0\5.3\msvc2010_opengl\include /I.\GeneratedFiles\Release /IC:\Qt\Qt5.3.0\5.3\msvc2010_opengl\include\QtCore /IC:\Qt\Qt5.3.0\5.3\msvc2010_opengl\include\QtGui /IC:\Qt\Qt5.3.0\5.3\msvc2010_opengl\include\QtWidgets /nologo /W1 /WX- /O2 /Oy- /D UNICODE /D WIN32 /D WIN64 /D QT_DLL /D QT_NO_DEBUG /D NDEBUG /D QT_CORE_LIB /D QT_GUI_LIB /D QT_WIDGETS_LIB /Gm- /EHsc /MD /GS /fp:precise /Zc:wchar_t /Zc:forScope /Fo"Release\\" /Fd"Release\vc100.pdb" /Gd /TP /analyze- /errorReport:prompt GeneratedFiles\qrc_myclass.cpp
         qrc_myclass.cpp
         C:\Program Files (x86)\Microsoft Visual Studio 10.0\VC\bin\CL.exe /c /I.\GeneratedFiles /I. /IC:\Qt\Qt5.3.0\5.3\msvc2010_opengl\include /I.\GeneratedFiles\Release /IC:\Qt\Qt5.3.0\5.3\msvc2010_opengl\include\QtCore /IC:\Qt\Qt5.3.0\5.3\msvc2010_opengl\include\QtGui /IC:\Qt\Qt5.3.0\5.3\msvc2010_opengl\include\QtWidgets /nologo /W1 /WX- /O2 /Oy- /D UNICODE /D WIN32 /D WIN64 /D QT_DLL /D QT_NO_DEBUG /D NDEBUG /D QT_CORE_LIB /D QT_GUI_LIB /D QT_WIDGETS_LIB /Gm- /EHsc /MD /GS /fp:precise /Zc:wchar_t /Zc:forScope /Fo"Release\\" /Fd"Release\vc100.pdb" /Gd /TP /analyze- /errorReport:prompt GeneratedFiles\Release\moc_myclass.cpp main.cpp myclass.cpp
         moc_myclass.cpp
         main.cpp
         myclass.cpp
         Generating Code...
       Link:
         C:\Program Files (x86)\Microsoft Visual Studio 10.0\VC\bin\link.exe /ERRORREPORT:PROMPT /OUT:"E:\MSC in CS\Rep\crypt-hub\Developments\POC\Desktop App\Crypto-Store\Win32\Release\\Crypto-Store.exe" /NOLOGO /LIBPATH:C:\Qt\Qt5.3.0\5.3\msvc2010_opengl\lib qtmain.lib Qt5Core.lib Qt5Gui.lib Qt5Widgets.lib kernel32.lib user32.lib gdi32.lib winspool.lib comdlg32.lib advapi32.lib shell32.lib ole32.lib oleaut32.lib uuid.lib odbc32.lib odbccp32.lib /MANIFEST /ManifestFile:"Release\Crypto-Store.exe.intermediate.manifest" /MANIFESTUAC:"level='asInvoker' uiAccess='false'" /PDB:"E:\MSC in CS\Rep\crypt-hub\Developments\POC\Desktop App\Crypto-Store\Win32\Release\Crypto-Store.pdb" /SUBSYSTEM:WINDOWS /TLBID:1 /DYNAMICBASE /NXCOMPAT /IMPLIB:"E:\MSC in CS\Rep\crypt-hub\Developments\POC\Desktop App\Crypto-Store\Win32\Release\Crypto-Store.lib" /MACHINE:X86 Release\qrc_myclass.obj
         Release\moc_myclass.obj
         Release\main.obj
         Release\myclass.obj
         Crypto-Store.vcxproj -> E:\MSC in CS\Rep\crypt-hub\Developments\POC\Desktop App\Crypto-Store\Win32\Release\Crypto-Store.exe
       Manifest:
         C:\Program Files (x86)\Microsoft SDKs\Windows\v7.0A\bin\mt.exe /nologo /verbose /outputresource:"E:\MSC in CS\Rep\crypt-hub\Developments\POC\Desktop App\Crypto-Store\Win32\Release\\Crypto-Store.exe;#1" /manifest "Release\Crypto-Store.exe.intermediate.manifest"
       FinalizeBuildStatus:
         Deleting file "Release\Crypto-Store.unsuccessfulbuild".
         Touching "Release\Crypto-Store.lastbuildstate".
     1>Done Building Project "E:\MSC in CS\Rep\crypt-hub\Developments\POC\Desktop App\Crypto-Store\Crypto-Store\Crypto-Store.vcxproj" (build target(s)).

Build succeeded.

Time Elapsed 00:00:06.63
